c:\users\радомир\source\repos\dll1\x64\debug\dll1.pch
c:\users\радомир\source\repos\dll1\x64\debug\vc143.pdb
c:\users\радомир\source\repos\dll1\x64\debug\vc143.idb
c:\users\радомир\source\repos\dll1\x64\debug\pch.obj
c:\users\радомир\source\repos\dll1\x64\debug\vector.obj
c:\users\радомир\source\repos\dll1\x64\debug\dllmain.obj
c:\users\радомир\source\repos\staticlib1\x64\debug\dll1.dll
c:\users\радомир\source\repos\staticlib1\x64\debug\dll1.pdb
c:\users\радомир\source\repos\dll1\debug\dll1.dll
c:\users\радомир\source\repos\dll1\debug\dll1.pdb
c:\users\радомир\source\repos\dll1\debug\dll1.lib
c:\users\радомир\source\repos\dll1\debug\dll1.exp
c:\users\радомир\source\repos\dll1\x64\debug\dll1.ilk
c:\users\радомир\source\repos\dll1\x64\debug\dll1.tlog\cl.command.1.tlog
c:\users\радомир\source\repos\dll1\x64\debug\dll1.tlog\cl.items.tlog
c:\users\радомир\source\repos\dll1\x64\debug\dll1.tlog\cl.read.1.tlog
c:\users\радомир\source\repos\dll1\x64\debug\dll1.tlog\cl.write.1.tlog
c:\users\радомир\source\repos\dll1\x64\debug\dll1.tlog\link.command.1.tlog
c:\users\радомир\source\repos\dll1\x64\debug\dll1.tlog\link.read.1.tlog
c:\users\радомир\source\repos\dll1\x64\debug\dll1.tlog\link.secondary.1.tlog
c:\users\радомир\source\repos\dll1\x64\debug\dll1.tlog\link.write.1.tlog
